<?xml version="1.0" encoding="UTF-8"?>
<testng-results skipped="0" failed="0" ignored="0" total="1" passed="1">
  <reporter-output>
  </reporter-output>
  <suite name="Default suite" duration-ms="25424" started-at="2020-08-14T16:20:40 IST" finished-at="2020-08-14T16:21:05 IST">
    <groups>
    </groups>
    <test name="Default test" duration-ms="25424" started-at="2020-08-14T16:20:40 IST" finished-at="2020-08-14T16:21:05 IST">
      <class name="com.companyName.projectName.regressionTestCaseLib.AadhaarNameArrangeValidationTest">
        <test-method status="PASS" signature="setUp()[pri:0, instance:com.companyName.projectName.regressionTestCaseLib.AadhaarNameArrangeValidationTest@6328d34a]" name="setUp" is-config="true" duration-ms="283" started-at="2020-08-14T16:20:40 IST" finished-at="2020-08-14T16:20:40 IST">
          <reporter-output>
          </reporter-output>
        </test-method> <!-- setUp -->
        <test-method status="PASS" signature="adhrArrange()[pri:1, instance:com.companyName.projectName.regressionTestCaseLib.AadhaarNameArrangeValidationTest@6328d34a]" name="adhrArrange" duration-ms="25112" started-at="2020-08-14T16:20:40 IST" finished-at="2020-08-14T16:21:05 IST">
          <reporter-output>
          </reporter-output>
        </test-method> <!-- adhrArrange -->
        <test-method status="PASS" signature="getResult(org.testng.ITestResult)[pri:0, instance:com.companyName.projectName.regressionTestCaseLib.AadhaarNameArrangeValidationTest@6328d34a]" name="getResult" is-config="true" duration-ms="196" started-at="2020-08-14T16:21:05 IST" finished-at="2020-08-14T16:21:05 IST">
          <params>
            <param index="0">
              <value>
                <![CDATA[[TestResult name=adhrArrange status=SUCCESS method=AadhaarNameArrangeValidationTest.adhrArrange()[pri:1, instance:com.companyName.projectName.regressionTestCaseLib.AadhaarNameArrangeValidationTest@6328d34a] output={null}]]]>
              </value>
            </param>
          </params>
          <reporter-output>
          </reporter-output>
        </test-method> <!-- getResult -->
        <test-method status="PASS" signature="tearDown()[pri:0, instance:com.companyName.projectName.regressionTestCaseLib.AadhaarNameArrangeValidationTest@6328d34a]" name="tearDown" is-config="true" duration-ms="9" started-at="2020-08-14T16:21:05 IST" finished-at="2020-08-14T16:21:05 IST">
          <reporter-output>
          </reporter-output>
        </test-method> <!-- tearDown -->
        <test-method status="PASS" signature="flushExtendReport()[pri:0, instance:com.companyName.projectName.regressionTestCaseLib.AadhaarNameArrangeValidationTest@6328d34a]" name="flushExtendReport" is-config="true" duration-ms="3088" started-at="2020-08-14T16:21:05 IST" finished-at="2020-08-14T16:21:09 IST">
          <reporter-output>
          </reporter-output>
        </test-method> <!-- flushExtendReport -->
      </class> <!-- com.companyName.projectName.regressionTestCaseLib.AadhaarNameArrangeValidationTest -->
    </test> <!-- Default test -->
  </suite> <!-- Default suite -->
</testng-results>
