<?xml version="1.0" encoding="UTF-8"?>
<testng-results skipped="0" failed="0" ignored="0" total="1" passed="1">
  <reporter-output>
  </reporter-output>
  <suite name="Default suite" duration-ms="26044" started-at="2020-08-14T20:19:23 IST" finished-at="2020-08-14T20:19:49 IST">
    <groups>
    </groups>
    <test name="Default test" duration-ms="26044" started-at="2020-08-14T20:19:23 IST" finished-at="2020-08-14T20:19:49 IST">
      <class name="com.companyName.projectName.regressionTestCaseLib.LoginValidationTest">
        <test-method status="PASS" signature="setUp()[pri:0, instance:com.companyName.projectName.regressionTestCaseLib.LoginValidationTest@6328d34a]" name="setUp" is-config="true" duration-ms="590" started-at="2020-08-14T20:19:22 IST" finished-at="2020-08-14T20:19:23 IST">
          <reporter-output>
          </reporter-output>
        </test-method> <!-- setUp -->
        <test-method status="PASS" signature="loginTest()[pri:1, instance:com.companyName.projectName.regressionTestCaseLib.LoginValidationTest@6328d34a]" name="loginTest" duration-ms="25667" started-at="2020-08-14T20:19:23 IST" finished-at="2020-08-14T20:19:49 IST">
          <reporter-output>
          </reporter-output>
        </test-method> <!-- loginTest -->
        <test-method status="PASS" signature="getResult(org.testng.ITestResult)[pri:0, instance:com.companyName.projectName.regressionTestCaseLib.LoginValidationTest@6328d34a]" name="getResult" is-config="true" duration-ms="176" started-at="2020-08-14T20:19:49 IST" finished-at="2020-08-14T20:19:49 IST">
          <params>
            <param index="0">
              <value>
                <![CDATA[[TestResult name=loginTest status=SUCCESS method=LoginValidationTest.loginTest()[pri:1, instance:com.companyName.projectName.regressionTestCaseLib.LoginValidationTest@6328d34a] output={null}]]]>
              </value>
            </param>
          </params>
          <reporter-output>
          </reporter-output>
        </test-method> <!-- getResult -->
        <test-method status="PASS" signature="tearDown()[pri:0, instance:com.companyName.projectName.regressionTestCaseLib.LoginValidationTest@6328d34a]" name="tearDown" is-config="true" duration-ms="9" started-at="2020-08-14T20:19:49 IST" finished-at="2020-08-14T20:19:49 IST">
          <reporter-output>
          </reporter-output>
        </test-method> <!-- tearDown -->
        <test-method status="PASS" signature="flushExtendReport()[pri:0, instance:com.companyName.projectName.regressionTestCaseLib.LoginValidationTest@6328d34a]" name="flushExtendReport" is-config="true" duration-ms="4101" started-at="2020-08-14T20:19:49 IST" finished-at="2020-08-14T20:19:53 IST">
          <reporter-output>
          </reporter-output>
        </test-method> <!-- flushExtendReport -->
      </class> <!-- com.companyName.projectName.regressionTestCaseLib.LoginValidationTest -->
    </test> <!-- Default test -->
  </suite> <!-- Default suite -->
</testng-results>
